{"C:\\Users\\Альберт\\Documents\\training-code\\test-syntellect\\index.js": {"path":"C:\\Users\\Альберт\\Documents\\training-code\\test-syntellect\\index.js","statementMap":{"0":{"start":{"line":1,"column":12},"end":{"line":1,"column":60}},"1":{"start":{"line":3,"column":27},"end":{"line":15,"column":1}},"2":{"start":{"line":4,"column":14},"end":{"line":4,"column":15}},"3":{"start":{"line":5,"column":2},"end":{"line":7,"column":3}},"4":{"start":{"line":6,"column":4},"end":{"line":6,"column":13}},"5":{"start":{"line":8,"column":15},"end":{"line":8,"column":17}},"6":{"start":{"line":10,"column":2},"end":{"line":13,"column":30}},"7":{"start":{"line":11,"column":4},"end":{"line":11,"column":17}},"8":{"start":{"line":12,"column":4},"end":{"line":12,"column":12}},"9":{"start":{"line":14,"column":2},"end":{"line":14,"column":15}},"10":{"start":{"line":17,"column":30},"end":{"line":17,"column":72}},"11":{"start":{"line":17,"column":39},"end":{"line":17,"column":72}},"12":{"start":{"line":19,"column":31},"end":{"line":23,"column":1}},"13":{"start":{"line":20,"column":19},"end":{"line":20,"column":33}},"14":{"start":{"line":21,"column":25},"end":{"line":21,"column":47}},"15":{"start":{"line":22,"column":2},"end":{"line":22,"column":34}}},"fnMap":{"0":{"name":"(anonymous_0)","decl":{"start":{"line":3,"column":27},"end":{"line":3,"column":28}},"loc":{"start":{"line":3,"column":42},"end":{"line":15,"column":1}},"line":3},"1":{"name":"(anonymous_1)","decl":{"start":{"line":17,"column":30},"end":{"line":17,"column":31}},"loc":{"start":{"line":17,"column":39},"end":{"line":17,"column":72}},"line":17},"2":{"name":"(anonymous_2)","decl":{"start":{"line":19,"column":31},"end":{"line":19,"column":32}},"loc":{"start":{"line":19,"column":40},"end":{"line":23,"column":1}},"line":19}},"branchMap":{"0":{"loc":{"start":{"line":5,"column":2},"end":{"line":7,"column":3}},"type":"if","locations":[{"start":{"line":5,"column":2},"end":{"line":7,"column":3}},{"start":{},"end":{}}],"line":5},"1":{"loc":{"start":{"line":17,"column":39},"end":{"line":17,"column":72}},"type":"cond-expr","locations":[{"start":{"line":17,"column":49},"end":{"line":17,"column":68}},{"start":{"line":17,"column":71},"end":{"line":17,"column":72}}],"line":17}},"s":{"0":1,"1":1,"2":3,"3":3,"4":1,"5":2,"6":2,"7":4,"8":4,"9":2,"10":1,"11":4,"12":1,"13":4,"14":4,"15":4},"f":{"0":3,"1":4,"2":4},"b":{"0":[1,2],"1":[2,2]},"_coverageSchema":"1a1c01bbd47fc00a2c39e90264f33305004495a9","hash":"6c91d0faf576fb721c1ebe254afbcb122ebff930"}
}
